十月 13, 2016 4:22:54 下午 org.apache.catalina.core.AprLifecycleListener init
信息: Loaded APR based Apache Tomcat Native library 1.1.29 using APR version 1.4.8.
十月 13, 2016 4:22:54 下午 org.apache.catalina.core.AprLifecycleListener init
信息: APR capabilities: IPv6 [true], sendfile [true], accept filters [false], random [true].
十月 13, 2016 4:22:55 下午 org.apache.catalina.core.AprLifecycleListener initializeSSL
信息: OpenSSL successfully initialized (OpenSSL 1.0.1e 11 Feb 2013)
十月 13, 2016 4:22:55 下午 org.apache.coyote.AbstractProtocol init
信息: Initializing ProtocolHandler ["http-apr-8085"]
十月 13, 2016 4:22:55 下午 org.apache.coyote.AbstractProtocol init
信息: Initializing ProtocolHandler ["ajp-apr-8009"]
十月 13, 2016 4:22:55 下午 org.apache.catalina.startup.Catalina load
信息: Initialization processed in 2016 ms
十月 13, 2016 4:22:56 下午 org.apache.catalina.core.StandardService startInternal
信息: Starting service Catalina
十月 13, 2016 4:22:56 下午 org.apache.catalina.core.StandardEngine startInternal
信息: Starting Servlet Engine: Apache Tomcat/7.0.53
十月 13, 2016 4:22:56 下午 org.apache.catalina.startup.HostConfig deployWAR
信息: Deploying web application archive E:\apache-tomcat-7.0.53_2\webapps\ports.war
十月 13, 2016 4:22:58 下午 org.apache.catalina.loader.WebappClassLoader validateJarFile
信息: validateJarFile(E:\apache-tomcat-7.0.53_2\webapps\ports\WEB-INF\lib\javaee-api-7.0.jar) - jar not loaded. See Servlet Spec 3.0, section 10.7.2. Offending class: javax/servlet/Servlet.class
十月 13, 2016 4:23:09 下午 org.apache.catalina.util.SessionIdGenerator createSecureRandom
信息: Creation of SecureRandom instance for session ID generation using [SHA1PRNG] took [674] milliseconds.
十月 13, 2016 4:23:11 下午 org.apache.catalina.startup.HostConfig deployDirectory
信息: Deploying web application directory E:\apache-tomcat-7.0.53_2\webapps\docs
十月 13, 2016 4:23:11 下午 org.apache.catalina.startup.HostConfig deployDirectory
信息: Deploying web application directory E:\apache-tomcat-7.0.53_2\webapps\examples
十月 13, 2016 4:23:13 下午 org.apache.catalina.startup.HostConfig deployDirectory
信息: Deploying web application directory E:\apache-tomcat-7.0.53_2\webapps\host-manager
十月 13, 2016 4:23:13 下午 org.apache.catalina.startup.HostConfig deployDirectory
信息: Deploying web application directory E:\apache-tomcat-7.0.53_2\webapps\manager
十月 13, 2016 4:23:13 下午 org.apache.catalina.startup.HostConfig deployDirectory
信息: Deploying web application directory E:\apache-tomcat-7.0.53_2\webapps\ROOT
十月 13, 2016 4:23:13 下午 org.apache.coyote.AbstractProtocol start
信息: Starting ProtocolHandler ["http-apr-8085"]
十月 13, 2016 4:23:13 下午 org.apache.coyote.AbstractProtocol start
信息: Starting ProtocolHandler ["ajp-apr-8009"]
十月 13, 2016 4:23:13 下午 org.apache.catalina.startup.Catalina start
信息: Server startup in 17868 ms
十月 13, 2016 5:46:51 下午 org.apache.coyote.AbstractProtocol pause
信息: Pausing ProtocolHandler ["http-apr-8085"]
十月 13, 2016 5:46:51 下午 org.apache.coyote.AbstractProtocol pause
信息: Pausing ProtocolHandler ["ajp-apr-8009"]
十月 13, 2016 5:46:51 下午 org.apache.catalina.core.StandardService stopInternal
信息: Stopping service Catalina
十月 13, 2016 5:46:52 下午 org.apache.coyote.AbstractProtocol stop
信息: Stopping ProtocolHandler ["http-apr-8085"]
十月 13, 2016 5:46:52 下午 org.apache.coyote.AbstractProtocol stop
信息: Stopping ProtocolHandler ["ajp-apr-8009"]
十月 13, 2016 5:46:52 下午 org.apache.coyote.AbstractProtocol destroy
信息: Destroying ProtocolHandler ["http-apr-8085"]
十月 13, 2016 5:46:52 下午 org.apache.coyote.AbstractProtocol destroy
信息: Destroying ProtocolHandler ["ajp-apr-8009"]
十月 13, 2016 6:03:24 下午 org.apache.catalina.core.AprLifecycleListener init
信息: Loaded APR based Apache Tomcat Native library 1.1.29 using APR version 1.4.8.
十月 13, 2016 6:03:24 下午 org.apache.catalina.core.AprLifecycleListener init
信息: APR capabilities: IPv6 [true], sendfile [true], accept filters [false], random [true].
十月 13, 2016 6:03:25 下午 org.apache.catalina.core.AprLifecycleListener initializeSSL
信息: OpenSSL successfully initialized (OpenSSL 1.0.1e 11 Feb 2013)
十月 13, 2016 6:03:25 下午 org.apache.coyote.AbstractProtocol init
信息: Initializing ProtocolHandler ["http-apr-8085"]
十月 13, 2016 6:03:25 下午 org.apache.coyote.AbstractProtocol init
信息: Initializing ProtocolHandler ["ajp-apr-8009"]
十月 13, 2016 6:03:25 下午 org.apache.catalina.startup.Catalina load
信息: Initialization processed in 1626 ms
十月 13, 2016 6:03:25 下午 org.apache.catalina.core.StandardService startInternal
信息: Starting service Catalina
十月 13, 2016 6:03:25 下午 org.apache.catalina.core.StandardEngine startInternal
信息: Starting Servlet Engine: Apache Tomcat/7.0.53
十月 13, 2016 6:03:25 下午 org.apache.catalina.startup.HostConfig deployWAR
信息: Deploying web application archive E:\apache-tomcat-7.0.53_2\webapps\ports.war
十月 13, 2016 6:03:27 下午 org.apache.catalina.loader.WebappClassLoader validateJarFile
信息: validateJarFile(E:\apache-tomcat-7.0.53_2\webapps\ports\WEB-INF\lib\javaee-api-7.0.jar) - jar not loaded. See Servlet Spec 3.0, section 10.7.2. Offending class: javax/servlet/Servlet.class
十月 13, 2016 6:03:33 下午 org.apache.catalina.util.SessionIdGenerator createSecureRandom
信息: Creation of SecureRandom instance for session ID generation using [SHA1PRNG] took [223] milliseconds.
十月 13, 2016 6:03:33 下午 org.apache.catalina.startup.HostConfig deployDirectory
信息: Deploying web application directory E:\apache-tomcat-7.0.53_2\webapps\docs
十月 13, 2016 6:03:33 下午 org.apache.catalina.startup.HostConfig deployDirectory
信息: Deploying web application directory E:\apache-tomcat-7.0.53_2\webapps\examples
十月 13, 2016 6:03:34 下午 org.apache.catalina.startup.HostConfig deployDirectory
信息: Deploying web application directory E:\apache-tomcat-7.0.53_2\webapps\host-manager
十月 13, 2016 6:03:34 下午 org.apache.catalina.startup.HostConfig deployDirectory
信息: Deploying web application directory E:\apache-tomcat-7.0.53_2\webapps\manager
十月 13, 2016 6:03:34 下午 org.apache.catalina.startup.HostConfig deployDirectory
信息: Deploying web application directory E:\apache-tomcat-7.0.53_2\webapps\ROOT
十月 13, 2016 6:03:35 下午 org.apache.coyote.AbstractProtocol start
信息: Starting ProtocolHandler ["http-apr-8085"]
十月 13, 2016 6:03:35 下午 org.apache.coyote.AbstractProtocol start
信息: Starting ProtocolHandler ["ajp-apr-8009"]
十月 13, 2016 6:03:35 下午 org.apache.catalina.startup.Catalina start
信息: Server startup in 9506 ms
十月 13, 2016 6:12:18 下午 org.apache.coyote.AbstractProtocol pause
信息: Pausing ProtocolHandler ["http-apr-8085"]
十月 13, 2016 6:12:18 下午 org.apache.coyote.AbstractProtocol pause
信息: Pausing ProtocolHandler ["ajp-apr-8009"]
十月 13, 2016 6:12:18 下午 org.apache.catalina.core.StandardService stopInternal
信息: Stopping service Catalina
十月 13, 2016 6:12:18 下午 org.apache.coyote.AbstractProtocol stop
信息: Stopping ProtocolHandler ["http-apr-8085"]
十月 13, 2016 6:12:18 下午 org.apache.coyote.AbstractProtocol stop
信息: Stopping ProtocolHandler ["ajp-apr-8009"]
十月 13, 2016 6:12:18 下午 org.apache.coyote.AbstractProtocol destroy
信息: Destroying ProtocolHandler ["http-apr-8085"]
十月 13, 2016 6:12:18 下午 org.apache.coyote.AbstractProtocol destroy
信息: Destroying ProtocolHandler ["ajp-apr-8009"]
十月 13, 2016 6:12:33 下午 org.apache.catalina.core.AprLifecycleListener init
信息: Loaded APR based Apache Tomcat Native library 1.1.29 using APR version 1.4.8.
十月 13, 2016 6:12:33 下午 org.apache.catalina.core.AprLifecycleListener init
信息: APR capabilities: IPv6 [true], sendfile [true], accept filters [false], random [true].
十月 13, 2016 6:12:34 下午 org.apache.catalina.core.AprLifecycleListener initializeSSL
信息: OpenSSL successfully initialized (OpenSSL 1.0.1e 11 Feb 2013)
十月 13, 2016 6:12:34 下午 org.apache.coyote.AbstractProtocol init
信息: Initializing ProtocolHandler ["http-apr-8085"]
十月 13, 2016 6:12:34 下午 org.apache.coyote.AbstractProtocol init
信息: Initializing ProtocolHandler ["ajp-apr-8009"]
十月 13, 2016 6:12:34 下午 org.apache.catalina.startup.Catalina load
信息: Initialization processed in 1376 ms
十月 13, 2016 6:12:34 下午 org.apache.catalina.core.StandardService startInternal
信息: Starting service Catalina
十月 13, 2016 6:12:34 下午 org.apache.catalina.core.StandardEngine startInternal
信息: Starting Servlet Engine: Apache Tomcat/7.0.53
十月 13, 2016 6:12:34 下午 org.apache.catalina.startup.HostConfig deployWAR
信息: Deploying web application archive E:\apache-tomcat-7.0.53_2\webapps\ports.war
十月 13, 2016 6:12:34 下午 org.apache.catalina.loader.WebappClassLoader validateJarFile
信息: validateJarFile(E:\apache-tomcat-7.0.53_2\webapps\ports\WEB-INF\lib\javaee-api-7.0.jar) - jar not loaded. See Servlet Spec 3.0, section 10.7.2. Offending class: javax/servlet/Servlet.class
十月 13, 2016 6:12:38 下午 org.apache.catalina.util.SessionIdGenerator createSecureRandom
信息: Creation of SecureRandom instance for session ID generation using [SHA1PRNG] took [245] milliseconds.
十月 13, 2016 6:12:39 下午 org.apache.catalina.startup.HostConfig deployDirectory
信息: Deploying web application directory E:\apache-tomcat-7.0.53_2\webapps\docs
十月 13, 2016 6:12:39 下午 org.apache.catalina.startup.HostConfig deployDirectory
信息: Deploying web application directory E:\apache-tomcat-7.0.53_2\webapps\examples
十月 13, 2016 6:12:39 下午 org.apache.catalina.startup.HostConfig deployDirectory
信息: Deploying web application directory E:\apache-tomcat-7.0.53_2\webapps\host-manager
十月 13, 2016 6:12:39 下午 org.apache.catalina.startup.HostConfig deployDirectory
信息: Deploying web application directory E:\apache-tomcat-7.0.53_2\webapps\manager
十月 13, 2016 6:12:39 下午 org.apache.catalina.startup.HostConfig deployDirectory
信息: Deploying web application directory E:\apache-tomcat-7.0.53_2\webapps\ROOT
十月 13, 2016 6:12:39 下午 org.apache.coyote.AbstractProtocol start
信息: Starting ProtocolHandler ["http-apr-8085"]
十月 13, 2016 6:12:39 下午 org.apache.coyote.AbstractProtocol start
信息: Starting ProtocolHandler ["ajp-apr-8009"]
十月 13, 2016 6:12:39 下午 org.apache.catalina.startup.Catalina start
信息: Server startup in 5572 ms
十月 13, 2016 6:55:46 下午 org.apache.catalina.core.AprLifecycleListener init
信息: Loaded APR based Apache Tomcat Native library 1.1.29 using APR version 1.4.8.
十月 13, 2016 6:55:46 下午 org.apache.catalina.core.AprLifecycleListener init
信息: APR capabilities: IPv6 [true], sendfile [true], accept filters [false], random [true].
十月 13, 2016 6:55:47 下午 org.apache.catalina.core.AprLifecycleListener initializeSSL
信息: OpenSSL successfully initialized (OpenSSL 1.0.1e 11 Feb 2013)
十月 13, 2016 6:55:47 下午 org.apache.coyote.AbstractProtocol init
信息: Initializing ProtocolHandler ["http-apr-8085"]
十月 13, 2016 6:55:47 下午 org.apache.coyote.AbstractProtocol init
信息: Initializing ProtocolHandler ["ajp-apr-8009"]
十月 13, 2016 6:55:47 下午 org.apache.catalina.startup.Catalina load
信息: Initialization processed in 1496 ms
十月 13, 2016 6:55:47 下午 org.apache.catalina.core.StandardService startInternal
信息: Starting service Catalina
十月 13, 2016 6:55:47 下午 org.apache.catalina.core.StandardEngine startInternal
信息: Starting Servlet Engine: Apache Tomcat/7.0.53
十月 13, 2016 6:55:47 下午 org.apache.catalina.startup.HostConfig deployWAR
信息: Deploying web application archive E:\apache-tomcat-7.0.53_2\webapps\ports.war
十月 13, 2016 6:55:49 下午 org.apache.catalina.loader.WebappClassLoader validateJarFile
信息: validateJarFile(E:\apache-tomcat-7.0.53_2\webapps\ports\WEB-INF\lib\javaee-api-7.0.jar) - jar not loaded. See Servlet Spec 3.0, section 10.7.2. Offending class: javax/servlet/Servlet.class
十月 13, 2016 6:55:54 下午 org.apache.catalina.util.SessionIdGenerator createSecureRandom
信息: Creation of SecureRandom instance for session ID generation using [SHA1PRNG] took [240] milliseconds.
十月 13, 2016 6:55:55 下午 org.apache.catalina.startup.HostConfig deployDirectory
信息: Deploying web application directory E:\apache-tomcat-7.0.53_2\webapps\docs
十月 13, 2016 6:55:55 下午 org.apache.catalina.startup.HostConfig deployDirectory
信息: Deploying web application directory E:\apache-tomcat-7.0.53_2\webapps\examples
十月 13, 2016 6:55:55 下午 org.apache.catalina.startup.HostConfig deployDirectory
信息: Deploying web application directory E:\apache-tomcat-7.0.53_2\webapps\host-manager
十月 13, 2016 6:55:56 下午 org.apache.catalina.startup.HostConfig deployDirectory
信息: Deploying web application directory E:\apache-tomcat-7.0.53_2\webapps\manager
十月 13, 2016 6:55:56 下午 org.apache.catalina.startup.HostConfig deployDirectory
信息: Deploying web application directory E:\apache-tomcat-7.0.53_2\webapps\ROOT
十月 13, 2016 6:55:56 下午 org.apache.coyote.AbstractProtocol start
信息: Starting ProtocolHandler ["http-apr-8085"]
十月 13, 2016 6:55:56 下午 org.apache.coyote.AbstractProtocol start
信息: Starting ProtocolHandler ["ajp-apr-8009"]
十月 13, 2016 6:55:56 下午 org.apache.catalina.startup.Catalina start
信息: Server startup in 8918 ms
十月 13, 2016 8:35:02 下午 org.apache.catalina.core.AprLifecycleListener init
信息: Loaded APR based Apache Tomcat Native library 1.1.29 using APR version 1.4.8.
十月 13, 2016 8:35:02 下午 org.apache.catalina.core.AprLifecycleListener init
信息: APR capabilities: IPv6 [true], sendfile [true], accept filters [false], random [true].
十月 13, 2016 8:35:03 下午 org.apache.catalina.core.AprLifecycleListener initializeSSL
信息: OpenSSL successfully initialized (OpenSSL 1.0.1e 11 Feb 2013)
十月 13, 2016 8:35:03 下午 org.apache.coyote.AbstractProtocol init
信息: Initializing ProtocolHandler ["http-apr-8085"]
十月 13, 2016 8:35:03 下午 org.apache.coyote.AbstractProtocol init
信息: Initializing ProtocolHandler ["ajp-apr-8009"]
十月 13, 2016 8:35:03 下午 org.apache.catalina.startup.Catalina load
信息: Initialization processed in 1915 ms
十月 13, 2016 8:35:03 下午 org.apache.catalina.core.StandardService startInternal
信息: Starting service Catalina
十月 13, 2016 8:35:03 下午 org.apache.catalina.core.StandardEngine startInternal
信息: Starting Servlet Engine: Apache Tomcat/7.0.53
十月 13, 2016 8:35:03 下午 org.apache.catalina.startup.HostConfig deployWAR
信息: Deploying web application archive C:\Users\danci_000\Desktop\apache-tomcat-7.0.53_2\webapps\ports.war
十月 13, 2016 8:35:04 下午 org.apache.catalina.loader.WebappClassLoader validateJarFile
信息: validateJarFile(C:\Users\danci_000\Desktop\apache-tomcat-7.0.53_2\webapps\ports\WEB-INF\lib\javaee-api-7.0.jar) - jar not loaded. See Servlet Spec 3.0, section 10.7.2. Offending class: javax/servlet/Servlet.class
十月 13, 2016 8:35:13 下午 org.apache.catalina.util.SessionIdGenerator createSecureRandom
信息: Creation of SecureRandom instance for session ID generation using [SHA1PRNG] took [609] milliseconds.
十月 13, 2016 8:35:15 下午 org.apache.catalina.startup.HostConfig deployDirectory
信息: Deploying web application directory C:\Users\danci_000\Desktop\apache-tomcat-7.0.53_2\webapps\docs
十月 13, 2016 8:35:15 下午 org.apache.catalina.startup.HostConfig deployDirectory
信息: Deploying web application directory C:\Users\danci_000\Desktop\apache-tomcat-7.0.53_2\webapps\examples
十月 13, 2016 8:35:16 下午 org.apache.catalina.startup.HostConfig deployDirectory
信息: Deploying web application directory C:\Users\danci_000\Desktop\apache-tomcat-7.0.53_2\webapps\host-manager
十月 13, 2016 8:35:16 下午 org.apache.catalina.startup.HostConfig deployDirectory
信息: Deploying web application directory C:\Users\danci_000\Desktop\apache-tomcat-7.0.53_2\webapps\manager
十月 13, 2016 8:35:16 下午 org.apache.catalina.startup.HostConfig deployDirectory
信息: Deploying web application directory C:\Users\danci_000\Desktop\apache-tomcat-7.0.53_2\webapps\ROOT
十月 13, 2016 8:35:16 下午 org.apache.coyote.AbstractProtocol start
信息: Starting ProtocolHandler ["http-apr-8085"]
十月 13, 2016 8:35:16 下午 org.apache.coyote.AbstractProtocol start
信息: Starting ProtocolHandler ["ajp-apr-8009"]
十月 13, 2016 8:35:16 下午 org.apache.catalina.startup.Catalina start
信息: Server startup in 12757 ms
十月 13, 2016 8:37:12 下午 org.apache.coyote.AbstractProtocol pause
信息: Pausing ProtocolHandler ["http-apr-8085"]
十月 13, 2016 8:37:12 下午 org.apache.coyote.AbstractProtocol pause
信息: Pausing ProtocolHandler ["ajp-apr-8009"]
十月 13, 2016 8:37:12 下午 org.apache.catalina.core.StandardService stopInternal
信息: Stopping service Catalina
十月 13, 2016 8:37:13 下午 org.apache.coyote.AbstractProtocol stop
信息: Stopping ProtocolHandler ["http-apr-8085"]
十月 13, 2016 8:37:13 下午 org.apache.coyote.AbstractProtocol stop
信息: Stopping ProtocolHandler ["ajp-apr-8009"]
十月 13, 2016 8:37:13 下午 org.apache.coyote.AbstractProtocol destroy
信息: Destroying ProtocolHandler ["http-apr-8085"]
十月 13, 2016 8:37:13 下午 org.apache.coyote.AbstractProtocol destroy
信息: Destroying ProtocolHandler ["ajp-apr-8009"]
十月 13, 2016 8:37:41 下午 org.apache.catalina.core.AprLifecycleListener init
信息: Loaded APR based Apache Tomcat Native library 1.1.29 using APR version 1.4.8.
十月 13, 2016 8:37:41 下午 org.apache.catalina.core.AprLifecycleListener init
信息: APR capabilities: IPv6 [true], sendfile [true], accept filters [false], random [true].
十月 13, 2016 8:37:43 下午 org.apache.catalina.core.AprLifecycleListener initializeSSL
信息: OpenSSL successfully initialized (OpenSSL 1.0.1e 11 Feb 2013)
十月 13, 2016 8:37:43 下午 org.apache.coyote.AbstractProtocol init
信息: Initializing ProtocolHandler ["http-apr-8085"]
十月 13, 2016 8:37:43 下午 org.apache.coyote.AbstractProtocol init
信息: Initializing ProtocolHandler ["ajp-apr-8009"]
十月 13, 2016 8:37:43 下午 org.apache.catalina.startup.Catalina load
信息: Initialization processed in 2286 ms
十月 13, 2016 8:37:43 下午 org.apache.catalina.core.StandardService startInternal
信息: Starting service Catalina
十月 13, 2016 8:37:43 下午 org.apache.catalina.core.StandardEngine startInternal
信息: Starting Servlet Engine: Apache Tomcat/7.0.53
十月 13, 2016 8:37:43 下午 org.apache.catalina.startup.HostConfig deployWAR
信息: Deploying web application archive C:\Users\danci_000\Desktop\apache-tomcat-7.0.53_2\webapps\ports.war
十月 13, 2016 8:37:45 下午 org.apache.catalina.loader.WebappClassLoader validateJarFile
信息: validateJarFile(C:\Users\danci_000\Desktop\apache-tomcat-7.0.53_2\webapps\ports\WEB-INF\lib\javaee-api-7.0.jar) - jar not loaded. See Servlet Spec 3.0, section 10.7.2. Offending class: javax/servlet/Servlet.class
十月 13, 2016 8:37:55 下午 org.apache.catalina.util.SessionIdGenerator createSecureRandom
信息: Creation of SecureRandom instance for session ID generation using [SHA1PRNG] took [696] milliseconds.
十月 13, 2016 8:37:56 下午 org.apache.catalina.startup.HostConfig deployDirectory
信息: Deploying web application directory C:\Users\danci_000\Desktop\apache-tomcat-7.0.53_2\webapps\docs
十月 13, 2016 8:37:56 下午 org.apache.catalina.startup.HostConfig deployDirectory
信息: Deploying web application directory C:\Users\danci_000\Desktop\apache-tomcat-7.0.53_2\webapps\examples
十月 13, 2016 8:37:57 下午 org.apache.catalina.startup.HostConfig deployDirectory
信息: Deploying web application directory C:\Users\danci_000\Desktop\apache-tomcat-7.0.53_2\webapps\host-manager
十月 13, 2016 8:37:57 下午 org.apache.catalina.startup.HostConfig deployDirectory
信息: Deploying web application directory C:\Users\danci_000\Desktop\apache-tomcat-7.0.53_2\webapps\manager
十月 13, 2016 8:37:57 下午 org.apache.catalina.startup.HostConfig deployDirectory
信息: Deploying web application directory C:\Users\danci_000\Desktop\apache-tomcat-7.0.53_2\webapps\ROOT
十月 13, 2016 8:37:58 下午 org.apache.coyote.AbstractProtocol start
信息: Starting ProtocolHandler ["http-apr-8085"]
十月 13, 2016 8:37:58 下午 org.apache.coyote.AbstractProtocol start
信息: Starting ProtocolHandler ["ajp-apr-8009"]
十月 13, 2016 8:37:58 下午 org.apache.catalina.startup.Catalina start
信息: Server startup in 14436 ms
