十月 13, 2016 4:23:05 下午 org.apache.catalina.core.ApplicationContext log
信息: No Spring WebApplicationInitializer types detected on classpath
十月 13, 2016 4:23:05 下午 org.apache.catalina.core.ApplicationContext log
信息: Initializing Spring root WebApplicationContext
十月 13, 2016 4:23:09 下午 org.apache.catalina.core.ApplicationContext log
信息: Initializing Spring FrameworkServlet 'SpringMVC'
十月 13, 2016 4:23:13 下午 org.apache.catalina.core.ApplicationContext log
信息: ContextListener: contextInitialized()
十月 13, 2016 4:23:13 下午 org.apache.catalina.core.ApplicationContext log
信息: SessionListener: contextInitialized()
十月 13, 2016 4:23:13 下午 org.apache.catalina.core.ApplicationContext log
信息: ContextListener: attributeAdded('org.apache.jasper.compiler.TldLocationsCache', 'org.apache.jasper.compiler.TldLocationsCache@7dd156c0')
十月 13, 2016 5:46:51 下午 org.apache.catalina.core.ApplicationContext log
信息: Destroying Spring FrameworkServlet 'SpringMVC'
十月 13, 2016 5:46:51 下午 org.apache.catalina.core.ApplicationContext log
信息: Closing Spring root WebApplicationContext
十月 13, 2016 5:46:52 下午 org.apache.catalina.core.ApplicationContext log
信息: SessionListener: contextDestroyed()
十月 13, 2016 5:46:52 下午 org.apache.catalina.core.ApplicationContext log
信息: ContextListener: contextDestroyed()
十月 13, 2016 6:03:31 下午 org.apache.catalina.core.ApplicationContext log
信息: No Spring WebApplicationInitializer types detected on classpath
十月 13, 2016 6:03:31 下午 org.apache.catalina.core.ApplicationContext log
信息: Initializing Spring root WebApplicationContext
十月 13, 2016 6:03:33 下午 org.apache.catalina.core.ApplicationContext log
信息: Initializing Spring FrameworkServlet 'SpringMVC'
十月 13, 2016 6:03:34 下午 org.apache.catalina.core.ApplicationContext log
信息: ContextListener: contextInitialized()
十月 13, 2016 6:03:34 下午 org.apache.catalina.core.ApplicationContext log
信息: SessionListener: contextInitialized()
十月 13, 2016 6:03:34 下午 org.apache.catalina.core.ApplicationContext log
信息: ContextListener: attributeAdded('org.apache.jasper.compiler.TldLocationsCache', 'org.apache.jasper.compiler.TldLocationsCache@44def048')
十月 13, 2016 6:12:18 下午 org.apache.catalina.core.ApplicationContext log
信息: Destroying Spring FrameworkServlet 'SpringMVC'
十月 13, 2016 6:12:18 下午 org.apache.catalina.core.ApplicationContext log
信息: Closing Spring root WebApplicationContext
十月 13, 2016 6:12:18 下午 org.apache.catalina.core.ApplicationContext log
信息: SessionListener: contextDestroyed()
十月 13, 2016 6:12:18 下午 org.apache.catalina.core.ApplicationContext log
信息: ContextListener: contextDestroyed()
十月 13, 2016 6:12:37 下午 org.apache.catalina.core.ApplicationContext log
信息: No Spring WebApplicationInitializer types detected on classpath
十月 13, 2016 6:12:37 下午 org.apache.catalina.core.ApplicationContext log
信息: Initializing Spring root WebApplicationContext
十月 13, 2016 6:12:38 下午 org.apache.catalina.core.ApplicationContext log
信息: Initializing Spring FrameworkServlet 'SpringMVC'
十月 13, 2016 6:12:39 下午 org.apache.catalina.core.ApplicationContext log
信息: ContextListener: contextInitialized()
十月 13, 2016 6:12:39 下午 org.apache.catalina.core.ApplicationContext log
信息: SessionListener: contextInitialized()
十月 13, 2016 6:12:39 下午 org.apache.catalina.core.ApplicationContext log
信息: ContextListener: attributeAdded('org.apache.jasper.compiler.TldLocationsCache', 'org.apache.jasper.compiler.TldLocationsCache@71598b62')
十月 13, 2016 6:55:52 下午 org.apache.catalina.core.ApplicationContext log
信息: No Spring WebApplicationInitializer types detected on classpath
十月 13, 2016 6:55:53 下午 org.apache.catalina.core.ApplicationContext log
信息: Initializing Spring root WebApplicationContext
十月 13, 2016 6:55:54 下午 org.apache.catalina.core.ApplicationContext log
信息: Initializing Spring FrameworkServlet 'SpringMVC'
十月 13, 2016 6:55:55 下午 org.apache.catalina.core.ApplicationContext log
信息: ContextListener: contextInitialized()
十月 13, 2016 6:55:55 下午 org.apache.catalina.core.ApplicationContext log
信息: SessionListener: contextInitialized()
十月 13, 2016 6:55:55 下午 org.apache.catalina.core.ApplicationContext log
信息: ContextListener: attributeAdded('org.apache.jasper.compiler.TldLocationsCache', 'org.apache.jasper.compiler.TldLocationsCache@44def048')
十月 13, 2016 8:35:08 下午 org.apache.catalina.core.ApplicationContext log
信息: No Spring WebApplicationInitializer types detected on classpath
十月 13, 2016 8:35:09 下午 org.apache.catalina.core.ApplicationContext log
信息: Initializing Spring root WebApplicationContext
十月 13, 2016 8:35:13 下午 org.apache.catalina.core.ApplicationContext log
信息: Initializing Spring FrameworkServlet 'SpringMVC'
十月 13, 2016 8:35:16 下午 org.apache.catalina.core.ApplicationContext log
信息: ContextListener: contextInitialized()
十月 13, 2016 8:35:16 下午 org.apache.catalina.core.ApplicationContext log
信息: SessionListener: contextInitialized()
十月 13, 2016 8:35:16 下午 org.apache.catalina.core.ApplicationContext log
信息: ContextListener: attributeAdded('org.apache.jasper.compiler.TldLocationsCache', 'org.apache.jasper.compiler.TldLocationsCache@2567e681')
十月 13, 2016 8:37:13 下午 org.apache.catalina.core.ApplicationContext log
信息: Destroying Spring FrameworkServlet 'SpringMVC'
十月 13, 2016 8:37:13 下午 org.apache.catalina.core.ApplicationContext log
信息: Closing Spring root WebApplicationContext
十月 13, 2016 8:37:13 下午 org.apache.catalina.core.ApplicationContext log
信息: SessionListener: contextDestroyed()
十月 13, 2016 8:37:13 下午 org.apache.catalina.core.ApplicationContext log
信息: ContextListener: contextDestroyed()
十月 13, 2016 8:37:51 下午 org.apache.catalina.core.ApplicationContext log
信息: No Spring WebApplicationInitializer types detected on classpath
十月 13, 2016 8:37:51 下午 org.apache.catalina.core.ApplicationContext log
信息: Initializing Spring root WebApplicationContext
十月 13, 2016 8:37:55 下午 org.apache.catalina.core.ApplicationContext log
信息: Initializing Spring FrameworkServlet 'SpringMVC'
十月 13, 2016 8:37:57 下午 org.apache.catalina.core.ApplicationContext log
信息: ContextListener: contextInitialized()
十月 13, 2016 8:37:57 下午 org.apache.catalina.core.ApplicationContext log
信息: SessionListener: contextInitialized()
十月 13, 2016 8:37:57 下午 org.apache.catalina.core.ApplicationContext log
信息: ContextListener: attributeAdded('org.apache.jasper.compiler.TldLocationsCache', 'org.apache.jasper.compiler.TldLocationsCache@47e4a6b6')
