十月 11, 2016 6:38:48 下午 org.apache.catalina.core.ApplicationContext log
信息: ContextListener: contextInitialized()
十月 11, 2016 6:38:48 下午 org.apache.catalina.core.ApplicationContext log
信息: SessionListener: contextInitialized()
十月 11, 2016 6:38:48 下午 org.apache.catalina.core.ApplicationContext log
信息: ContextListener: attributeAdded('org.apache.jasper.compiler.TldLocationsCache', 'org.apache.jasper.compiler.TldLocationsCache@415091e5')
十月 11, 2016 6:38:50 下午 org.apache.catalina.core.ApplicationContext log
信息: SessionListener: contextDestroyed()
十月 11, 2016 6:38:50 下午 org.apache.catalina.core.ApplicationContext log
信息: ContextListener: contextDestroyed()
十月 11, 2016 6:39:35 下午 org.apache.catalina.core.ApplicationContext log
信息: ContextListener: contextInitialized()
十月 11, 2016 6:39:35 下午 org.apache.catalina.core.ApplicationContext log
信息: SessionListener: contextInitialized()
十月 11, 2016 6:39:35 下午 org.apache.catalina.core.ApplicationContext log
信息: ContextListener: attributeAdded('org.apache.jasper.compiler.TldLocationsCache', 'org.apache.jasper.compiler.TldLocationsCache@4c2bb58b')
十月 11, 2016 6:39:36 下午 org.apache.catalina.core.ApplicationContext log
信息: SessionListener: contextDestroyed()
十月 11, 2016 6:39:36 下午 org.apache.catalina.core.ApplicationContext log
信息: ContextListener: contextDestroyed()
十月 11, 2016 6:39:41 下午 org.apache.catalina.core.ApplicationContext log
信息: ContextListener: contextInitialized()
十月 11, 2016 6:39:41 下午 org.apache.catalina.core.ApplicationContext log
信息: SessionListener: contextInitialized()
十月 11, 2016 6:39:41 下午 org.apache.catalina.core.ApplicationContext log
信息: ContextListener: attributeAdded('org.apache.jasper.compiler.TldLocationsCache', 'org.apache.jasper.compiler.TldLocationsCache@4c2bb58b')
十月 11, 2016 6:39:47 下午 org.apache.catalina.core.ApplicationContext log
信息: SessionListener: contextDestroyed()
十月 11, 2016 6:39:47 下午 org.apache.catalina.core.ApplicationContext log
信息: ContextListener: contextDestroyed()
十月 11, 2016 6:40:21 下午 org.apache.catalina.core.ApplicationContext log
信息: ContextListener: contextInitialized()
十月 11, 2016 6:40:21 下午 org.apache.catalina.core.ApplicationContext log
信息: SessionListener: contextInitialized()
十月 11, 2016 6:40:21 下午 org.apache.catalina.core.ApplicationContext log
信息: ContextListener: attributeAdded('org.apache.jasper.compiler.TldLocationsCache', 'org.apache.jasper.compiler.TldLocationsCache@394ed66')
十月 11, 2016 6:40:54 下午 org.apache.catalina.core.ApplicationContext log
信息: No Spring WebApplicationInitializer types detected on classpath
十月 11, 2016 6:40:54 下午 org.apache.catalina.core.ApplicationContext log
信息: Initializing Spring root WebApplicationContext
十月 11, 2016 6:40:55 下午 org.apache.catalina.core.ApplicationContext log
信息: Initializing Spring FrameworkServlet 'SpringMVC'
十月 11, 2016 6:40:55 下午 org.apache.catalina.core.ApplicationContext log
信息: SessionListener: contextDestroyed()
十月 11, 2016 6:40:55 下午 org.apache.catalina.core.ApplicationContext log
信息: ContextListener: contextDestroyed()
十月 11, 2016 6:40:55 下午 org.apache.catalina.core.ApplicationContext log
信息: Destroying Spring FrameworkServlet 'SpringMVC'
十月 11, 2016 6:40:55 下午 org.apache.catalina.core.ApplicationContext log
信息: Closing Spring root WebApplicationContext
十月 11, 2016 6:41:08 下午 org.apache.catalina.core.ApplicationContext log
信息: No Spring WebApplicationInitializer types detected on classpath
十月 11, 2016 6:41:08 下午 org.apache.catalina.core.ApplicationContext log
信息: Initializing Spring root WebApplicationContext
十月 11, 2016 6:41:10 下午 org.apache.catalina.core.ApplicationContext log
信息: Initializing Spring FrameworkServlet 'SpringMVC'
十月 11, 2016 6:41:12 下午 org.apache.catalina.core.ApplicationContext log
信息: ContextListener: contextInitialized()
十月 11, 2016 6:41:12 下午 org.apache.catalina.core.ApplicationContext log
信息: SessionListener: contextInitialized()
十月 11, 2016 6:41:12 下午 org.apache.catalina.core.ApplicationContext log
信息: ContextListener: attributeAdded('org.apache.jasper.compiler.TldLocationsCache', 'org.apache.jasper.compiler.TldLocationsCache@41d69d98')
十月 11, 2016 6:45:10 下午 org.apache.catalina.core.ApplicationContext log
信息: SessionListener: contextDestroyed()
十月 11, 2016 6:45:10 下午 org.apache.catalina.core.ApplicationContext log
信息: ContextListener: contextDestroyed()
十月 11, 2016 6:45:10 下午 org.apache.catalina.core.ApplicationContext log
信息: Destroying Spring FrameworkServlet 'SpringMVC'
十月 11, 2016 6:45:10 下午 org.apache.catalina.core.ApplicationContext log
信息: Closing Spring root WebApplicationContext
